Compiled from "BaseInPlay.java"
public class brawl.BaseInPlay {
  public brawl.BaseInPlay(int);
  public boolean isEmpty(int);
  public void handleCard(brawl.Card, int);
  public brawl.Card peek(int);
  public void setHighlight(int);
  public java.util.Iterator<brawl.Card> iterator(int);
  public int getHits(int);
  public int getWinningSide();
  public int getOwner();
  public boolean isFrozen();
  public boolean isHighlighted(int);
  public boolean isBlocked(int);
  public java.lang.String toString();
  public boolean equals(java.lang.Object);
}
Compiled from "Card.java"
class brawl.Card$1 {
  static final int[] $SwitchMap$brawl$Color;
  static final int[] $SwitchMap$brawl$Type;
  static {};
}
Compiled from "Card.java"
public class brawl.Card {
  public brawl.Card(brawl.Color, brawl.Type);
  public java.lang.String toString();
  public brawl.Type getType();
  public brawl.Color getColor();
  public brawl.Character getOwner();
  public void setOwner(brawl.Character);
  public boolean equals(java.lang.Object);
  public void setColor(brawl.Color);
}
Compiled from "CardStack.java"
public class brawl.CardStack {
  public java.util.Map<brawl.Character, java.lang.Integer[]> numOfEachTypeInEachDeck;
  public brawl.CardStack();
  public void setCharacter(brawl.Character, boolean);
  public void createCustomDeck(java.lang.Integer[], brawl.Character);
  public void modifyJSON();
  public void createDecks();
  public void push(brawl.Card);
  public brawl.Card pop();
  public brawl.Card peek();
  public brawl.Card peek2();
  public brawl.Card peek3();
  public boolean empty();
  public int size();
  public brawl.Character getName();
}
Compiled from "Character.java"
public final class brawl.Character extends java.lang.Enum<brawl.Character> {
  public static final brawl.Character BENNETT;
  public static final brawl.Character CHRIS;
  public static final brawl.Character DARWIN;
  public static final brawl.Character HALE;
  public static final brawl.Character MORGAN;
  public static final brawl.Character PEARL;
  public static final brawl.Character CUSTOM;
  public static brawl.Character[] values();
  public static brawl.Character valueOf(java.lang.String);
  static {};
}
Compiled from "Color.java"
public final class brawl.Color extends java.lang.Enum<brawl.Color> {
  public static final brawl.Color RED;
  public static final brawl.Color GREEN;
  public static final brawl.Color BLUE;
  public static final brawl.Color COLORLESS;
  public static brawl.Color[] values();
  public static brawl.Color valueOf(java.lang.String);
  static {};
}
Compiled from "Computer.java"
class brawl.Computer$1 {
  static final int[] $SwitchMap$brawl$Type;
  static {};
}
Compiled from "Computer.java"
public class brawl.Computer extends brawl.Player {
  public brawl.Computer();
  public static int[] determineMove(brawl.Card, int, boolean[], java.util.ArrayList<brawl.BaseInPlay>, boolean);
}
Compiled from "ConsoleUI.java"
public class brawl.ConsoleUI$InputThread extends java.lang.Thread {
  final brawl.ConsoleUI this$0;
  public brawl.ConsoleUI$InputThread(brawl.ConsoleUI);
  public void run();
  public void setScanner(java.lang.String);
}
Compiled from "ConsoleUI.java"
public class brawl.ConsoleUI implements brawl.I_View {
  public brawl.ConsoleUI(brawl.GameModel);
  public void setVisible(boolean);
  public void setInputThreadStream(java.lang.String);
  public void setActionListeners(brawl.GameController);
  public void update(java.util.Observable, java.lang.Object);
  static brawl.GameModel access$000(brawl.ConsoleUI);
  static brawl.GameController access$100(brawl.ConsoleUI);
  static void access$200(brawl.ConsoleUI);
  static void access$300(brawl.ConsoleUI);
  static void access$400(brawl.ConsoleUI);
  static void access$500(brawl.ConsoleUI);
  static void access$600(brawl.ConsoleUI);
  static java.util.HashMap access$700(brawl.ConsoleUI);
}
Compiled from "DeckStats.java"
public class brawl.DeckStats {
  public brawl.DeckStats();
  public static brawl.DeckStats builder();
  public void incrementWin(brawl.Character);
  public void incrementLoss(brawl.Character);
  public void incrementTie(brawl.Character);
  public int[] getStats(brawl.Character);
  public void resetStats();
  public void writeDeckStats();
}
Compiled from "GameController.java"
public class brawl.GameController implements java.awt.event.ActionListener,java.awt.event.KeyListener {
  public brawl.GameController(brawl.GameModel, brawl.I_View, boolean);
  public void actionPerformed(java.awt.event.ActionEvent);
  public void keyTyped(java.awt.event.KeyEvent);
  public void keyPressed(java.awt.event.KeyEvent);
  public void keyReleased(java.awt.event.KeyEvent);
  public brawl.Character getCharacter(int);
}
Compiled from "GameModel.java"
class brawl.GameModel$1 {
  static final int[] $SwitchMap$brawl$Type;
  static {};
}
Compiled from "GameModel.java"
class brawl.GameModel$AITimer extends java.util.TimerTask {
  final brawl.GameModel this$0;
  public void run();
  brawl.GameModel$AITimer(brawl.GameModel, brawl.GameModel$1);
}
Compiled from "GameModel.java"
public class brawl.GameModel extends java.util.Observable {
  public static final int kNumberOfSides;
  public static final int kAllBasesInPlay;
  public brawl.GameModel();
  public void startGame(brawl.Character, brawl.Character, brawl.Mode, boolean);
  public void customDeck(brawl.Character, int, java.lang.Integer[]);
  public void setMode(brawl.Mode);
  public void setDifficulty(int);
  public boolean isGameOver();
  public java.lang.String getWinner();
  public boolean isLegalMove(int, int, int);
  public void makeMove(int, int, int);
  public void computerMove(int);
  public void setScreen(brawl.Screen);
  public brawl.Screen getScreen();
  public void showHint(int);
  public java.util.ArrayList<brawl.BaseInPlay> getBases();
  public brawl.Player[] getPlayers();
  public void addBase(int, int, int);
  public void resetBases();
  public void clearBase(int, int);
  public void findMoves(int);
  public boolean[] getPossibleMoves();
  public brawl.Mode getMode();
  public int getTurn();
  public void setAIFlag(boolean);
  public boolean getAIFlag();
  public void stopAI();
  public int getDrawingIndex();
  public int getHint();
  public void writeStats();
  public int[] getRecord(brawl.Character);
  public void resetStats();
  public int[] getIndexOfBasePlayedUpon();
  public void setCustomDeck(java.awt.TextField, java.awt.TextField, java.awt.TextField, java.awt.TextField, java.awt.TextField, java.awt.TextField, java.awt.TextField, java.awt.TextField, java.awt.TextField, java.awt.TextField, java.awt.TextField, java.awt.TextField);
}
Compiled from "I_View.java"
public interface brawl.I_View extends java.util.Observer {
  public abstract void setVisible(boolean);
  public abstract void update(java.util.Observable, java.lang.Object);
}
Compiled from "KeyBindings.java"
class brawl.KeyBindings$MissingKeybindingException extends java.lang.Exception {
  final brawl.KeyBindings this$0;
  brawl.KeyBindings$MissingKeybindingException(brawl.KeyBindings);
}
Compiled from "KeyBindings.java"
public final class brawl.KeyBindings$location extends java.lang.Enum<brawl.KeyBindings$location> {
  public static final brawl.KeyBindings$location p1LTopBase;
  public static final brawl.KeyBindings$location p1LMiddleBase;
  public static final brawl.KeyBindings$location p1LBottomBase;
  public static final brawl.KeyBindings$location p1RTopBase;
  public static final brawl.KeyBindings$location p1RMiddleBase;
  public static final brawl.KeyBindings$location p1RBottomBase;
  public static final brawl.KeyBindings$location p1Draw;
  public static final brawl.KeyBindings$location p2LTopBase;
  public static final brawl.KeyBindings$location p2LMiddleBase;
  public static final brawl.KeyBindings$location p2LBottomBase;
  public static final brawl.KeyBindings$location p2RTopBase;
  public static final brawl.KeyBindings$location p2RMiddleBase;
  public static final brawl.KeyBindings$location p2RBottomBase;
  public static final brawl.KeyBindings$location p2Draw;
  public static brawl.KeyBindings$location[] values();
  public static brawl.KeyBindings$location valueOf(java.lang.String);
  static {};
}
Compiled from "KeyBindings.java"
public final class brawl.KeyBindings {
  public static final java.lang.String kDefaultLetters;
  public static brawl.KeyBindings getInstance();
  public void resetToDefault();
  public void load();
  public void save();
  void dump();
  public java.lang.String get(brawl.KeyBindings$location) throws brawl.KeyBindings$MissingKeybindingException;
  public brawl.KeyBindings$location getLocation(java.lang.String);
  public int getLocationCount(java.lang.String);
  public void set(brawl.KeyBindings$location, java.lang.String);
}
Compiled from "Main.java"
public class brawl.Main {
  public brawl.Main();
  public static void main(java.lang.String[]);
}
Compiled from "Mode.java"
public final class brawl.Mode extends java.lang.Enum<brawl.Mode> {
  public static final brawl.Mode TRAINING;
  public static final brawl.Mode TOURNAMENT;
  public static brawl.Mode[] values();
  public static brawl.Mode valueOf(java.lang.String);
  static {};
}
Compiled from "Player.java"
public class brawl.Player {
  public brawl.Player();
  public void setDeck(brawl.Character, boolean, java.lang.Integer[]);
  public brawl.Character getCharacter();
  public brawl.Card getTopDiscard();
  public void draw();
  public boolean isDeckEmpty();
  public boolean isDiscardEmpty();
  public brawl.CardStack getDiscard();
  public brawl.CardStack getDeck();
  public brawl.Card peek(int);
  public boolean equals(java.lang.Object);
  public void clearDiscard();
}
Compiled from "Screen.java"
public final class brawl.Screen extends java.lang.Enum<brawl.Screen> {
  public static final brawl.Screen TITLE;
  public static final brawl.Screen OPTIONS;
  public static final brawl.Screen TUTORIAL;
  public static final brawl.Screen TUTORIAL2;
  public static final brawl.Screen TUTORIAL3;
  public static final brawl.Screen TUTORIAL4;
  public static final brawl.Screen TUTORIAL5;
  public static final brawl.Screen TUTORIAL6;
  public static final brawl.Screen TUTORIAL7;
  public static final brawl.Screen TUTORIAL8;
  public static final brawl.Screen TUTORIAL9;
  public static final brawl.Screen VIEWDECKS;
  public static final brawl.Screen DECKBENNETT;
  public static final brawl.Screen DECKCHRIS;
  public static final brawl.Screen DECKDARWIN;
  public static final brawl.Screen DECKHALE;
  public static final brawl.Screen DECKMORGAN;
  public static final brawl.Screen DECKPEARL;
  public static final brawl.Screen SELECTMODE;
  public static final brawl.Screen SELECTPLAYERS;
  public static final brawl.Screen SELECTDIFFICULTY;
  public static final brawl.Screen GAMEBOARD;
  public static final brawl.Screen SELECTCHARACTERS;
  public static brawl.Screen[] values();
  public static brawl.Screen valueOf(java.lang.String);
  static {};
}
Compiled from "SwingGUI.java"
class brawl.SwingGUI$1 extends java.awt.event.KeyAdapter {
  final brawl.SwingGUI this$0;
  brawl.SwingGUI$1(brawl.SwingGUI);
  public void keyTyped(java.awt.event.KeyEvent);
}
Compiled from "SwingGUI.java"
class brawl.SwingGUI$10 extends java.awt.event.KeyAdapter {
  final brawl.SwingGUI this$0;
  brawl.SwingGUI$10(brawl.SwingGUI);
  public void keyTyped(java.awt.event.KeyEvent);
}
Compiled from "SwingGUI.java"
class brawl.SwingGUI$11 extends java.awt.event.KeyAdapter {
  final brawl.SwingGUI this$0;
  brawl.SwingGUI$11(brawl.SwingGUI);
  public void keyTyped(java.awt.event.KeyEvent);
}
Compiled from "SwingGUI.java"
class brawl.SwingGUI$12 extends java.awt.event.KeyAdapter {
  final brawl.SwingGUI this$0;
  brawl.SwingGUI$12(brawl.SwingGUI);
  public void keyTyped(java.awt.event.KeyEvent);
}
Compiled from "SwingGUI.java"
class brawl.SwingGUI$13 extends java.awt.event.KeyAdapter {
  final brawl.SwingGUI this$0;
  brawl.SwingGUI$13(brawl.SwingGUI);
  public void keyTyped(java.awt.event.KeyEvent);
}
Compiled from "SwingGUI.java"
class brawl.SwingGUI$14 extends java.awt.event.KeyAdapter {
  final brawl.SwingGUI this$0;
  brawl.SwingGUI$14(brawl.SwingGUI);
  public void keyTyped(java.awt.event.KeyEvent);
}
Compiled from "SwingGUI.java"
class brawl.SwingGUI$15 implements java.awt.event.ActionListener {
  final brawl.SwingGUI this$0;
  brawl.SwingGUI$15(brawl.SwingGUI);
  public void actionPerformed(java.awt.event.ActionEvent);
}
Compiled from "SwingGUI.java"
class brawl.SwingGUI$16 implements java.awt.event.ActionListener {
  final brawl.SwingGUI this$0;
  brawl.SwingGUI$16(brawl.SwingGUI);
  public void actionPerformed(java.awt.event.ActionEvent);
}
Compiled from "SwingGUI.java"
class brawl.SwingGUI$17 implements java.awt.event.ActionListener {
  final brawl.SwingGUI this$0;
  brawl.SwingGUI$17(brawl.SwingGUI);
  public void actionPerformed(java.awt.event.ActionEvent);
}
Compiled from "SwingGUI.java"
class brawl.SwingGUI$18 implements java.awt.event.ActionListener {
  final brawl.SwingGUI this$0;
  brawl.SwingGUI$18(brawl.SwingGUI);
  public void actionPerformed(java.awt.event.ActionEvent);
}
Compiled from "SwingGUI.java"
class brawl.SwingGUI$19 extends java.awt.event.MouseAdapter {
  final brawl.SwingGUI this$0;
  brawl.SwingGUI$19(brawl.SwingGUI);
  public void mouseClicked(java.awt.event.MouseEvent);
}
Compiled from "SwingGUI.java"
class brawl.SwingGUI$2 extends java.awt.event.KeyAdapter {
  final brawl.SwingGUI this$0;
  brawl.SwingGUI$2(brawl.SwingGUI);
  public void keyTyped(java.awt.event.KeyEvent);
}
Compiled from "SwingGUI.java"
class brawl.SwingGUI$20 extends java.awt.event.KeyAdapter {
  final brawl.SwingGUI this$0;
  brawl.SwingGUI$20(brawl.SwingGUI);
  public void keyPressed(java.awt.event.KeyEvent);
}
Compiled from "SwingGUI.java"
class brawl.SwingGUI$21 implements java.awt.event.ActionListener {
  final brawl.SwingGUI this$0;
  brawl.SwingGUI$21(brawl.SwingGUI);
  public void actionPerformed(java.awt.event.ActionEvent);
}
Compiled from "SwingGUI.java"
class brawl.SwingGUI$22 implements java.awt.event.ActionListener {
  final brawl.SwingGUI this$0;
  brawl.SwingGUI$22(brawl.SwingGUI);
  public void actionPerformed(java.awt.event.ActionEvent);
}
Compiled from "SwingGUI.java"
class brawl.SwingGUI$23 implements java.awt.event.ActionListener {
  final brawl.SwingGUI this$0;
  brawl.SwingGUI$23(brawl.SwingGUI);
  public void actionPerformed(java.awt.event.ActionEvent);
}
Compiled from "SwingGUI.java"
class brawl.SwingGUI$24 implements java.awt.event.ActionListener {
  final brawl.SwingGUI this$0;
  brawl.SwingGUI$24(brawl.SwingGUI);
  public void actionPerformed(java.awt.event.ActionEvent);
}
Compiled from "SwingGUI.java"
class brawl.SwingGUI$25 implements java.awt.event.ActionListener {
  final brawl.SwingGUI this$0;
  brawl.SwingGUI$25(brawl.SwingGUI);
  public void actionPerformed(java.awt.event.ActionEvent);
}
Compiled from "SwingGUI.java"
class brawl.SwingGUI$26 implements java.awt.event.ActionListener {
  final brawl.SwingGUI this$0;
  brawl.SwingGUI$26(brawl.SwingGUI);
  public void actionPerformed(java.awt.event.ActionEvent);
}
Compiled from "SwingGUI.java"
class brawl.SwingGUI$27 implements java.awt.event.ActionListener {
  final brawl.SwingGUI this$0;
  brawl.SwingGUI$27(brawl.SwingGUI);
  public void actionPerformed(java.awt.event.ActionEvent);
}
Compiled from "SwingGUI.java"
class brawl.SwingGUI$28 implements java.awt.event.ActionListener {
  final brawl.SwingGUI this$0;
  brawl.SwingGUI$28(brawl.SwingGUI);
  public void actionPerformed(java.awt.event.ActionEvent);
}
Compiled from "SwingGUI.java"
class brawl.SwingGUI$3 extends java.awt.event.KeyAdapter {
  final brawl.SwingGUI this$0;
  brawl.SwingGUI$3(brawl.SwingGUI);
  public void keyTyped(java.awt.event.KeyEvent);
}
Compiled from "SwingGUI.java"
class brawl.SwingGUI$4 extends java.awt.event.KeyAdapter {
  final brawl.SwingGUI this$0;
  brawl.SwingGUI$4(brawl.SwingGUI);
  public void keyTyped(java.awt.event.KeyEvent);
}
Compiled from "SwingGUI.java"
class brawl.SwingGUI$5 extends java.awt.event.KeyAdapter {
  final brawl.SwingGUI this$0;
  brawl.SwingGUI$5(brawl.SwingGUI);
  public void keyTyped(java.awt.event.KeyEvent);
}
Compiled from "SwingGUI.java"
class brawl.SwingGUI$6 extends java.awt.event.KeyAdapter {
  final brawl.SwingGUI this$0;
  brawl.SwingGUI$6(brawl.SwingGUI);
  public void keyTyped(java.awt.event.KeyEvent);
}
Compiled from "SwingGUI.java"
class brawl.SwingGUI$7 extends java.awt.event.KeyAdapter {
  final brawl.SwingGUI this$0;
  brawl.SwingGUI$7(brawl.SwingGUI);
  public void keyTyped(java.awt.event.KeyEvent);
}
Compiled from "SwingGUI.java"
class brawl.SwingGUI$8 extends java.awt.event.KeyAdapter {
  final brawl.SwingGUI this$0;
  brawl.SwingGUI$8(brawl.SwingGUI);
  public void keyTyped(java.awt.event.KeyEvent);
}
Compiled from "SwingGUI.java"
class brawl.SwingGUI$9 extends java.awt.event.KeyAdapter {
  final brawl.SwingGUI this$0;
  brawl.SwingGUI$9(brawl.SwingGUI);
  public void keyTyped(java.awt.event.KeyEvent);
}
Compiled from "SwingGUI.java"
public class brawl.SwingGUI extends javax.swing.JFrame implements brawl.I_View {
  public brawl.SwingGUI(brawl.GameModel);
  public void setActionListeners(brawl.GameController);
  public void toggleBindings(java.lang.String);
  public void setTheme(java.lang.String);
  public java.lang.String getTheme();
  public void setImages(java.lang.String);
  public void setStatImages(java.lang.String, java.lang.String);
  public void setTutorialImages(java.lang.String, java.lang.String);
  public void setCharacterImages(java.lang.String, java.lang.String);
  public void update(java.util.Observable, java.lang.Object);
  public void showHintGUI();
  static void access$000(brawl.SwingGUI, java.awt.event.KeyEvent);
  static void access$100(brawl.SwingGUI, java.awt.event.KeyEvent);
  static void access$200(brawl.SwingGUI, java.awt.event.KeyEvent);
  static void access$300(brawl.SwingGUI, java.awt.event.KeyEvent);
  static void access$400(brawl.SwingGUI, java.awt.event.KeyEvent);
  static void access$500(brawl.SwingGUI, java.awt.event.KeyEvent);
  static void access$600(brawl.SwingGUI, java.awt.event.KeyEvent);
  static void access$700(brawl.SwingGUI, java.awt.event.KeyEvent);
  static void access$800(brawl.SwingGUI, java.awt.event.KeyEvent);
  static void access$900(brawl.SwingGUI, java.awt.event.KeyEvent);
  static void access$1000(brawl.SwingGUI, java.awt.event.KeyEvent);
  static void access$1100(brawl.SwingGUI, java.awt.event.KeyEvent);
  static void access$1200(brawl.SwingGUI, java.awt.event.KeyEvent);
  static void access$1300(brawl.SwingGUI, java.awt.event.KeyEvent);
  static void access$1400(brawl.SwingGUI, java.awt.event.ActionEvent);
  static void access$1500(brawl.SwingGUI, java.awt.event.ActionEvent);
  static void access$1600(brawl.SwingGUI, java.awt.event.ActionEvent);
  static void access$1700(brawl.SwingGUI, java.awt.event.ActionEvent);
  static void access$1800(brawl.SwingGUI, java.awt.event.MouseEvent);
  static void access$1900(brawl.SwingGUI, java.awt.event.KeyEvent);
  static void access$2000(brawl.SwingGUI, java.awt.event.ActionEvent);
  static void access$2100(brawl.SwingGUI, java.awt.event.ActionEvent);
  static void access$2200(brawl.SwingGUI, java.awt.event.ActionEvent);
  static void access$2300(brawl.SwingGUI, java.awt.event.ActionEvent);
  static void access$2400(brawl.SwingGUI, java.awt.event.ActionEvent);
  static void access$2500(brawl.SwingGUI, java.awt.event.ActionEvent);
  static void access$2600(brawl.SwingGUI, java.awt.event.ActionEvent);
  static void access$2700(brawl.SwingGUI, java.awt.event.ActionEvent);
  static {};
}
Compiled from "Type.java"
public final class brawl.Type extends java.lang.Enum<brawl.Type> {
  public static final brawl.Type HIT;
  public static final brawl.Type HIT2;
  public static final brawl.Type BLOCK;
  public static final brawl.Type PRESS;
  public static final brawl.Type CLEAR;
  public static final brawl.Type BASE;
  public static final brawl.Type FREEZE;
  public static brawl.Type[] values();
  public static brawl.Type valueOf(java.lang.String);
  static {};
}
